Analysis & Synthesis report for alu16
Sun Jun 11 16:58:11 2023
Quartus Prime Version 19.1.0 Build 670 09/22/2019 SJ Lite Edition


---------------------
; Table of Contents ;
---------------------
  1. Legal Notice
  2. Analysis & Synthesis Summary
  3. Analysis & Synthesis Settings
  4. Parallel Compilation
  5. Analysis & Synthesis Source Files Read
  6. Analysis & Synthesis Resource Usage Summary
  7. Analysis & Synthesis Resource Utilization by Entity
  8. General Register Statistics
  9. Multiplexer Restructuring Statistics (Restructuring Performed)
 10. Port Connectivity Checks: "alu1:ALU_13"
 11. Port Connectivity Checks: "alu1:ALU_12"
 12. Port Connectivity Checks: "alu1:ALU_11"
 13. Port Connectivity Checks: "alu1:ALU_10"
 14. Port Connectivity Checks: "alu1:ALU_9"
 15. Port Connectivity Checks: "alu1:ALU_8"
 16. Post-Synthesis Netlist Statistics for Top Partition
 17. Elapsed Time Per Partition
 18. Analysis & Synthesis Messages



----------------
; Legal Notice ;
----------------
Copyright (C) 2019  Intel Corporation. All rights reserved.
Your use of Intel Corporation's design tools, logic functions 
and other software and tools, and any partner logic 
functions, and any output files from any of the foregoing 
(including device programming or simulation files), and any 
associated documentation or information are expressly subject 
to the terms and conditions of the Intel Program License 
Subscription Agreement, the Intel Quartus Prime License Agreement,
the Intel FPGA IP License Agreement, or other applicable license
agreement, including, without limitation, that your use is for
the sole purpose of programming logic devices manufactured by
Intel and sold by Intel or its authorized distributors.  Please
refer to the applicable agreement for further details, at
https://fpgasoftware.intel.com/eula.



+----------------------------------------------------------------------------------+
; Analysis & Synthesis Summary                                                     ;
+------------------------------------+---------------------------------------------+
; Analysis & Synthesis Status        ; Successful - Sun Jun 11 16:58:11 2023       ;
; Quartus Prime Version              ; 19.1.0 Build 670 09/22/2019 SJ Lite Edition ;
; Revision Name                      ; alu16                                       ;
; Top-level Entity Name              ; alu16                                       ;
; Family                             ; MAX 10                                      ;
; Total logic elements               ; 86                                          ;
;     Total combinational functions  ; 86                                          ;
;     Dedicated logic registers      ; 0                                           ;
; Total registers                    ; 0                                           ;
; Total pins                         ; 52                                          ;
; Total virtual pins                 ; 0                                           ;
; Total memory bits                  ; 0                                           ;
; Embedded Multiplier 9-bit elements ; 0                                           ;
; Total PLLs                         ; 0                                           ;
; UFM blocks                         ; 0                                           ;
; ADC blocks                         ; 0                                           ;
+------------------------------------+---------------------------------------------+


+------------------------------------------------------------------------------------------------------------+
; Analysis & Synthesis Settings                                                                              ;
+------------------------------------------------------------------+--------------------+--------------------+
; Option                                                           ; Setting            ; Default Value      ;
+------------------------------------------------------------------+--------------------+--------------------+
; Device                                                           ; 10M08DAF484C8G     ;                    ;
; Top-level entity name                                            ; alu16              ; alu16              ;
; Family name                                                      ; MAX 10             ; Cyclone V          ;
; Use smart compilation                                            ; Off                ; Off                ;
; Enable parallel Assembler and Timing Analyzer during compilation ; On                 ; On                 ;
; Enable compact report table                                      ; Off                ; Off                ;
; Restructure Multiplexers                                         ; Auto               ; Auto               ;
; Create Debugging Nodes for IP Cores                              ; Off                ; Off                ;
; Preserve fewer node names                                        ; On                 ; On                 ;
; Intel FPGA IP Evaluation Mode                                    ; Enable             ; Enable             ;
; Verilog Version                                                  ; Verilog_2001       ; Verilog_2001       ;
; VHDL Version                                                     ; VHDL_1993          ; VHDL_1993          ;
; State Machine Processing                                         ; Auto               ; Auto               ;
; Safe State Machine                                               ; Off                ; Off                ;
; Extract Verilog State Machines                                   ; On                 ; On                 ;
; Extract VHDL State Machines                                      ; On                 ; On                 ;
; Ignore Verilog initial constructs                                ; Off                ; Off                ;
; Iteration limit for constant Verilog loops                       ; 5000               ; 5000               ;
; Iteration limit for non-constant Verilog loops                   ; 250                ; 250                ;
; Add Pass-Through Logic to Inferred RAMs                          ; On                 ; On                 ;
; Infer RAMs from Raw Logic                                        ; On                 ; On                 ;
; Parallel Synthesis                                               ; On                 ; On                 ;
; DSP Block Balancing                                              ; Auto               ; Auto               ;
; NOT Gate Push-Back                                               ; On                 ; On                 ;
; Power-Up Don't Care                                              ; On                 ; On                 ;
; Remove Redundant Logic Cells                                     ; Off                ; Off                ;
; Remove Duplicate Registers                                       ; On                 ; On                 ;
; Ignore CARRY Buffers                                             ; Off                ; Off                ;
; Ignore CASCADE Buffers                                           ; Off                ; Off                ;
; Ignore GLOBAL Buffers                                            ; Off                ; Off                ;
; Ignore ROW GLOBAL Buffers                                        ; Off                ; Off                ;
; Ignore LCELL Buffers                                             ; Off                ; Off                ;
; Ignore SOFT Buffers                                              ; On                 ; On                 ;
; Limit AHDL Integers to 32 Bits                                   ; Off                ; Off                ;
; Optimization Technique                                           ; Balanced           ; Balanced           ;
; Carry Chain Length                                               ; 70                 ; 70                 ;
; Auto Carry Chains                                                ; On                 ; On                 ;
; Auto Open-Drain Pins                                             ; On                 ; On                 ;
; Perform WYSIWYG Primitive Resynthesis                            ; Off                ; Off                ;
; Auto ROM Replacement                                             ; On                 ; On                 ;
; Auto RAM Replacement                                             ; On                 ; On                 ;
; Auto DSP Block Replacement                                       ; On                 ; On                 ;
; Auto Shift Register Replacement                                  ; Auto               ; Auto               ;
; Allow Shift Register Merging across Hierarchies                  ; Auto               ; Auto               ;
; Auto Clock Enable Replacement                                    ; On                 ; On                 ;
; Strict RAM Replacement                                           ; Off                ; Off                ;
; Allow Synchronous Control Signals                                ; On                 ; On                 ;
; Force Use of Synchronous Clear Signals                           ; Off                ; Off                ;
; Auto RAM Block Balancing                                         ; On                 ; On                 ;
; Auto RAM to Logic Cell Conversion                                ; Off                ; Off                ;
; Auto Resource Sharing                                            ; Off                ; Off                ;
; Allow Any RAM Size For Recognition                               ; Off                ; Off                ;
; Allow Any ROM Size For Recognition                               ; Off                ; Off                ;
; Allow Any Shift Register Size For Recognition                    ; Off                ; Off                ;
; Use LogicLock Constraints during Resource Balancing              ; On                 ; On                 ;
; Ignore translate_off and synthesis_off directives                ; Off                ; Off                ;
; Timing-Driven Synthesis                                          ; On                 ; On                 ;
; Report Parameter Settings                                        ; On                 ; On                 ;
; Report Source Assignments                                        ; On                 ; On                 ;
; Report Connectivity Checks                                       ; On                 ; On                 ;
; Ignore Maximum Fan-Out Assignments                               ; Off                ; Off                ;
; Synchronization Register Chain Length                            ; 2                  ; 2                  ;
; Power Optimization During Synthesis                              ; Normal compilation ; Normal compilation ;
; HDL message level                                                ; Level2             ; Level2             ;
; Suppress Register Optimization Related Messages                  ; Off                ; Off                ;
; Number of Removed Registers Reported in Synthesis Report         ; 5000               ; 5000               ;
; Number of Swept Nodes Reported in Synthesis Report               ; 5000               ; 5000               ;
; Number of Inverted Registers Reported in Synthesis Report        ; 100                ; 100                ;
; Clock MUX Protection                                             ; On                 ; On                 ;
; Auto Gated Clock Conversion                                      ; Off                ; Off                ;
; Block Design Naming                                              ; Auto               ; Auto               ;
; SDC constraint protection                                        ; Off                ; Off                ;
; Synthesis Effort                                                 ; Auto               ; Auto               ;
; Shift Register Replacement - Allow Asynchronous Clear Signal     ; On                 ; On                 ;
; Pre-Mapping Resynthesis Optimization                             ; Off                ; Off                ;
; Analysis & Synthesis Message Level                               ; Medium             ; Medium             ;
; Disable Register Merging Across Hierarchies                      ; Auto               ; Auto               ;
; Resource Aware Inference For Block RAM                           ; On                 ; On                 ;
+------------------------------------------------------------------+--------------------+--------------------+


+------------------------------------------+
; Parallel Compilation                     ;
+----------------------------+-------------+
; Processors                 ; Number      ;
+----------------------------+-------------+
; Number detected on machine ; 8           ;
; Maximum allowed            ; 8           ;
;                            ;             ;
; Average used               ; 1.00        ;
; Maximum used               ; 1           ;
;                            ;             ;
; Usage by Processor         ; % Time Used ;
;     Processor 1            ; 100.0%      ;
+----------------------------+-------------+


+----------------------------------------------------------------------------------------------------------------------+
; Analysis & Synthesis Source Files Read                                                                               ;
+----------------------------------+-----------------+-----------------------+-------------------------------+---------+
; File Name with User-Entered Path ; Used in Netlist ; File Type             ; File Name with Absolute Path  ; Library ;
+----------------------------------+-----------------+-----------------------+-------------------------------+---------+
; alu16.vhd                        ; yes             ; User VHDL File        ; C:/Intel/meros2/alu16.vhd     ;         ;
; alu1.vhd                         ; yes             ; Auto-Found VHDL File  ; C:/Intel/meros2/alu1.vhd      ;         ;
; and_gate2.vhd                    ; yes             ; Auto-Found VHDL File  ; C:/Intel/meros2/and_gate2.vhd ;         ;
; or_gate2.vhd                     ; yes             ; Auto-Found VHDL File  ; C:/Intel/meros2/or_gate2.vhd  ;         ;
; fulladder.vhd                    ; yes             ; Auto-Found VHDL File  ; C:/Intel/meros2/fulladder.vhd ;         ;
; xor_gate2.vhd                    ; yes             ; Auto-Found VHDL File  ; C:/Intel/meros2/xor_gate2.vhd ;         ;
; mux_4to1.vhd                     ; yes             ; Auto-Found VHDL File  ; C:/Intel/meros2/mux_4to1.vhd  ;         ;
+----------------------------------+-----------------+-----------------------+-------------------------------+---------+


+---------------------------------------------------------------+
; Analysis & Synthesis Resource Usage Summary                   ;
+---------------------------------------------+-----------------+
; Resource                                    ; Usage           ;
+---------------------------------------------+-----------------+
; Estimated Total logic elements              ; 86              ;
;                                             ;                 ;
; Total combinational functions               ; 86              ;
; Logic element usage by number of LUT inputs ;                 ;
;     -- 4 input functions                    ; 57              ;
;     -- 3 input functions                    ; 27              ;
;     -- <=2 input functions                  ; 2               ;
;                                             ;                 ;
; Logic elements by mode                      ;                 ;
;     -- normal mode                          ; 86              ;
;     -- arithmetic mode                      ; 0               ;
;                                             ;                 ;
; Total registers                             ; 0               ;
;     -- Dedicated logic registers            ; 0               ;
;     -- I/O registers                        ; 0               ;
;                                             ;                 ;
; I/O pins                                    ; 52              ;
;                                             ;                 ;
; Embedded Multiplier 9-bit elements          ; 0               ;
;                                             ;                 ;
; Maximum fan-out node                        ; Opcode[1]~input ;
; Maximum fan-out                             ; 38              ;
; Total fan-out                               ; 382             ;
; Average fan-out                             ; 2.01            ;
+---------------------------------------------+-----------------+


+------------------------------------------------------------------------------------------------------------------------------------------------------------------------------------------------------------------------------------------------+
; Analysis & Synthesis Resource Utilization by Entity                                                                                                                                                                                            ;
+----------------------------+---------------------+---------------------------+-------------+------------+--------------+---------+-----------+------+--------------+------------+---------------------------------+-------------+--------------+
; Compilation Hierarchy Node ; Combinational ALUTs ; Dedicated Logic Registers ; Memory Bits ; UFM Blocks ; DSP Elements ; DSP 9x9 ; DSP 18x18 ; Pins ; Virtual Pins ; ADC blocks ; Full Hierarchy Name             ; Entity Name ; Library Name ;
+----------------------------+---------------------+---------------------------+-------------+------------+--------------+---------+-----------+------+--------------+------------+---------------------------------+-------------+--------------+
; |alu16                     ; 86 (6)              ; 0 (0)                     ; 0           ; 0          ; 0            ; 0       ; 0         ; 52   ; 0            ; 0          ; |alu16                          ; alu16       ; work         ;
;    |alu1:ALU_0|            ; 4 (0)               ; 0 (0)                     ; 0           ; 0          ; 0            ; 0       ; 0         ; 0    ; 0            ; 0          ; |alu16|alu1:ALU_0               ; alu1        ; work         ;
;       |fullAdder:u2|       ; 1 (1)               ; 0 (0)                     ; 0           ; 0          ; 0            ; 0       ; 0         ; 0    ; 0            ; 0          ; |alu16|alu1:ALU_0|fullAdder:u2  ; fullAdder   ; work         ;
;       |mux_4to1:u4|        ; 3 (3)               ; 0 (0)                     ; 0           ; 0          ; 0            ; 0       ; 0         ; 0    ; 0            ; 0          ; |alu16|alu1:ALU_0|mux_4to1:u4   ; mux_4to1    ; work         ;
;    |alu1:ALU_10|           ; 4 (0)               ; 0 (0)                     ; 0           ; 0          ; 0            ; 0       ; 0         ; 0    ; 0            ; 0          ; |alu16|alu1:ALU_10              ; alu1        ; work         ;
;       |mux_4to1:u4|        ; 4 (4)               ; 0 (0)                     ; 0           ; 0          ; 0            ; 0       ; 0         ; 0    ; 0            ; 0          ; |alu16|alu1:ALU_10|mux_4to1:u4  ; mux_4to1    ; work         ;
;    |alu1:ALU_11|           ; 5 (2)               ; 0 (0)                     ; 0           ; 0          ; 0            ; 0       ; 0         ; 0    ; 0            ; 0          ; |alu16|alu1:ALU_11              ; alu1        ; work         ;
;       |mux_4to1:u4|        ; 2 (2)               ; 0 (0)                     ; 0           ; 0          ; 0            ; 0       ; 0         ; 0    ; 0            ; 0          ; |alu16|alu1:ALU_11|mux_4to1:u4  ; mux_4to1    ; work         ;
;       |xor_gate2:u3|       ; 1 (1)               ; 0 (0)                     ; 0           ; 0          ; 0            ; 0       ; 0         ; 0    ; 0            ; 0          ; |alu16|alu1:ALU_11|xor_gate2:u3 ; xor_gate2   ; work         ;
;    |alu1:ALU_12|           ; 3 (0)               ; 0 (0)                     ; 0           ; 0          ; 0            ; 0       ; 0         ; 0    ; 0            ; 0          ; |alu16|alu1:ALU_12              ; alu1        ; work         ;
;       |mux_4to1:u4|        ; 3 (3)               ; 0 (0)                     ; 0           ; 0          ; 0            ; 0       ; 0         ; 0    ; 0            ; 0          ; |alu16|alu1:ALU_12|mux_4to1:u4  ; mux_4to1    ; work         ;
;    |alu1:ALU_13|           ; 5 (2)               ; 0 (0)                     ; 0           ; 0          ; 0            ; 0       ; 0         ; 0    ; 0            ; 0          ; |alu16|alu1:ALU_13              ; alu1        ; work         ;
;       |mux_4to1:u4|        ; 2 (2)               ; 0 (0)                     ; 0           ; 0          ; 0            ; 0       ; 0         ; 0    ; 0            ; 0          ; |alu16|alu1:ALU_13|mux_4to1:u4  ; mux_4to1    ; work         ;
;       |xor_gate2:u3|       ; 1 (1)               ; 0 (0)                     ; 0           ; 0          ; 0            ; 0       ; 0         ; 0    ; 0            ; 0          ; |alu16|alu1:ALU_13|xor_gate2:u3 ; xor_gate2   ; work         ;
;    |alu1:ALU_14|           ; 4 (2)               ; 0 (0)                     ; 0           ; 0          ; 0            ; 0       ; 0         ; 0    ; 0            ; 0          ; |alu16|alu1:ALU_14              ; alu1        ; work         ;
;       |fullAdder:u2|       ; 1 (1)               ; 0 (0)                     ; 0           ; 0          ; 0            ; 0       ; 0         ; 0    ; 0            ; 0          ; |alu16|alu1:ALU_14|fullAdder:u2 ; fullAdder   ; work         ;
;       |mux_4to1:u4|        ; 1 (1)               ; 0 (0)                     ; 0           ; 0          ; 0            ; 0       ; 0         ; 0    ; 0            ; 0          ; |alu16|alu1:ALU_14|mux_4to1:u4  ; mux_4to1    ; work         ;
;    |alu1:ALU_15|           ; 6 (2)               ; 0 (0)                     ; 0           ; 0          ; 0            ; 0       ; 0         ; 0    ; 0            ; 0          ; |alu16|alu1:ALU_15              ; alu1        ; work         ;
;       |fullAdder:u2|       ; 1 (1)               ; 0 (0)                     ; 0           ; 0          ; 0            ; 0       ; 0         ; 0    ; 0            ; 0          ; |alu16|alu1:ALU_15|fullAdder:u2 ; fullAdder   ; work         ;
;       |mux_4to1:u4|        ; 2 (2)               ; 0 (0)                     ; 0           ; 0          ; 0            ; 0       ; 0         ; 0    ; 0            ; 0          ; |alu16|alu1:ALU_15|mux_4to1:u4  ; mux_4to1    ; work         ;
;       |xor_gate2:u3|       ; 1 (1)               ; 0 (0)                     ; 0           ; 0          ; 0            ; 0       ; 0         ; 0    ; 0            ; 0          ; |alu16|alu1:ALU_15|xor_gate2:u3 ; xor_gate2   ; work         ;
;    |alu1:ALU_1|            ; 6 (2)               ; 0 (0)                     ; 0           ; 0          ; 0            ; 0       ; 0         ; 0    ; 0            ; 0          ; |alu16|alu1:ALU_1               ; alu1        ; work         ;
;       |fullAdder:u2|       ; 1 (1)               ; 0 (0)                     ; 0           ; 0          ; 0            ; 0       ; 0         ; 0    ; 0            ; 0          ; |alu16|alu1:ALU_1|fullAdder:u2  ; fullAdder   ; work         ;
;       |mux_4to1:u4|        ; 2 (2)               ; 0 (0)                     ; 0           ; 0          ; 0            ; 0       ; 0         ; 0    ; 0            ; 0          ; |alu16|alu1:ALU_1|mux_4to1:u4   ; mux_4to1    ; work         ;
;       |xor_gate2:u3|       ; 1 (1)               ; 0 (0)                     ; 0           ; 0          ; 0            ; 0       ; 0         ; 0    ; 0            ; 0          ; |alu16|alu1:ALU_1|xor_gate2:u3  ; xor_gate2   ; work         ;
;    |alu1:ALU_2|            ; 5 (2)               ; 0 (0)                     ; 0           ; 0          ; 0            ; 0       ; 0         ; 0    ; 0            ; 0          ; |alu16|alu1:ALU_2               ; alu1        ; work         ;
;       |fullAdder:u2|       ; 1 (1)               ; 0 (0)                     ; 0           ; 0          ; 0            ; 0       ; 0         ; 0    ; 0            ; 0          ; |alu16|alu1:ALU_2|fullAdder:u2  ; fullAdder   ; work         ;
;       |mux_4to1:u4|        ; 2 (2)               ; 0 (0)                     ; 0           ; 0          ; 0            ; 0       ; 0         ; 0    ; 0            ; 0          ; |alu16|alu1:ALU_2|mux_4to1:u4   ; mux_4to1    ; work         ;
;    |alu1:ALU_3|            ; 6 (2)               ; 0 (0)                     ; 0           ; 0          ; 0            ; 0       ; 0         ; 0    ; 0            ; 0          ; |alu16|alu1:ALU_3               ; alu1        ; work         ;
;       |fullAdder:u2|       ; 1 (1)               ; 0 (0)                     ; 0           ; 0          ; 0            ; 0       ; 0         ; 0    ; 0            ; 0          ; |alu16|alu1:ALU_3|fullAdder:u2  ; fullAdder   ; work         ;
;       |mux_4to1:u4|        ; 2 (2)               ; 0 (0)                     ; 0           ; 0          ; 0            ; 0       ; 0         ; 0    ; 0            ; 0          ; |alu16|alu1:ALU_3|mux_4to1:u4   ; mux_4to1    ; work         ;
;       |xor_gate2:u3|       ; 1 (1)               ; 0 (0)                     ; 0           ; 0          ; 0            ; 0       ; 0         ; 0    ; 0            ; 0          ; |alu16|alu1:ALU_3|xor_gate2:u3  ; xor_gate2   ; work         ;
;    |alu1:ALU_4|            ; 5 (2)               ; 0 (0)                     ; 0           ; 0          ; 0            ; 0       ; 0         ; 0    ; 0            ; 0          ; |alu16|alu1:ALU_4               ; alu1        ; work         ;
;       |fullAdder:u2|       ; 1 (1)               ; 0 (0)                     ; 0           ; 0          ; 0            ; 0       ; 0         ; 0    ; 0            ; 0          ; |alu16|alu1:ALU_4|fullAdder:u2  ; fullAdder   ; work         ;
;       |mux_4to1:u4|        ; 2 (2)               ; 0 (0)                     ; 0           ; 0          ; 0            ; 0       ; 0         ; 0    ; 0            ; 0          ; |alu16|alu1:ALU_4|mux_4to1:u4   ; mux_4to1    ; work         ;
;    |alu1:ALU_5|            ; 6 (2)               ; 0 (0)                     ; 0           ; 0          ; 0            ; 0       ; 0         ; 0    ; 0            ; 0          ; |alu16|alu1:ALU_5               ; alu1        ; work         ;
;       |fullAdder:u2|       ; 1 (1)               ; 0 (0)                     ; 0           ; 0          ; 0            ; 0       ; 0         ; 0    ; 0            ; 0          ; |alu16|alu1:ALU_5|fullAdder:u2  ; fullAdder   ; work         ;
;       |mux_4to1:u4|        ; 2 (2)               ; 0 (0)                     ; 0           ; 0          ; 0            ; 0       ; 0         ; 0    ; 0            ; 0          ; |alu16|alu1:ALU_5|mux_4to1:u4   ; mux_4to1    ; work         ;
;       |xor_gate2:u3|       ; 1 (1)               ; 0 (0)                     ; 0           ; 0          ; 0            ; 0       ; 0         ; 0    ; 0            ; 0          ; |alu16|alu1:ALU_5|xor_gate2:u3  ; xor_gate2   ; work         ;
;    |alu1:ALU_6|            ; 5 (2)               ; 0 (0)                     ; 0           ; 0          ; 0            ; 0       ; 0         ; 0    ; 0            ; 0          ; |alu16|alu1:ALU_6               ; alu1        ; work         ;
;       |fullAdder:u2|       ; 1 (1)               ; 0 (0)                     ; 0           ; 0          ; 0            ; 0       ; 0         ; 0    ; 0            ; 0          ; |alu16|alu1:ALU_6|fullAdder:u2  ; fullAdder   ; work         ;
;       |mux_4to1:u4|        ; 2 (2)               ; 0 (0)                     ; 0           ; 0          ; 0            ; 0       ; 0         ; 0    ; 0            ; 0          ; |alu16|alu1:ALU_6|mux_4to1:u4   ; mux_4to1    ; work         ;
;    |alu1:ALU_7|            ; 6 (2)               ; 0 (0)                     ; 0           ; 0          ; 0            ; 0       ; 0         ; 0    ; 0            ; 0          ; |alu16|alu1:ALU_7               ; alu1        ; work         ;
;       |fullAdder:u2|       ; 1 (1)               ; 0 (0)                     ; 0           ; 0          ; 0            ; 0       ; 0         ; 0    ; 0            ; 0          ; |alu16|alu1:ALU_7|fullAdder:u2  ; fullAdder   ; work         ;
;       |mux_4to1:u4|        ; 2 (2)               ; 0 (0)                     ; 0           ; 0          ; 0            ; 0       ; 0         ; 0    ; 0            ; 0          ; |alu16|alu1:ALU_7|mux_4to1:u4   ; mux_4to1    ; work         ;
;       |xor_gate2:u3|       ; 1 (1)               ; 0 (0)                     ; 0           ; 0          ; 0            ; 0       ; 0         ; 0    ; 0            ; 0          ; |alu16|alu1:ALU_7|xor_gate2:u3  ; xor_gate2   ; work         ;
;    |alu1:ALU_8|            ; 5 (0)               ; 0 (0)                     ; 0           ; 0          ; 0            ; 0       ; 0         ; 0    ; 0            ; 0          ; |alu16|alu1:ALU_8               ; alu1        ; work         ;
;       |mux_4to1:u4|        ; 5 (5)               ; 0 (0)                     ; 0           ; 0          ; 0            ; 0       ; 0         ; 0    ; 0            ; 0          ; |alu16|alu1:ALU_8|mux_4to1:u4   ; mux_4to1    ; work         ;
;    |alu1:ALU_9|            ; 5 (2)               ; 0 (0)                     ; 0           ; 0          ; 0            ; 0       ; 0         ; 0    ; 0            ; 0          ; |alu16|alu1:ALU_9               ; alu1        ; work         ;
;       |mux_4to1:u4|        ; 2 (2)               ; 0 (0)                     ; 0           ; 0          ; 0            ; 0       ; 0         ; 0    ; 0            ; 0          ; |alu16|alu1:ALU_9|mux_4to1:u4   ; mux_4to1    ; work         ;
;       |xor_gate2:u3|       ; 1 (1)               ; 0 (0)                     ; 0           ; 0          ; 0            ; 0       ; 0         ; 0    ; 0            ; 0          ; |alu16|alu1:ALU_9|xor_gate2:u3  ; xor_gate2   ; work         ;
+----------------------------+---------------------+---------------------------+-------------+------------+--------------+---------+-----------+------+--------------+------------+---------------------------------+-------------+--------------+
Note: For table entries with two numbers listed, the numbers in parentheses indicate the number of resources of the given type used by the specific entity alone. The numbers listed outside of parentheses indicate the total resources of the given type used by the specific entity and all of its sub-entities in the hierarchy.


+------------------------------------------------------+
; General Register Statistics                          ;
+----------------------------------------------+-------+
; Statistic                                    ; Value ;
+----------------------------------------------+-------+
; Total registers                              ; 0     ;
; Number of registers using Synchronous Clear  ; 0     ;
; Number of registers using Synchronous Load   ; 0     ;
; Number of registers using Asynchronous Clear ; 0     ;
; Number of registers using Asynchronous Load  ; 0     ;
; Number of registers using Clock Enable       ; 0     ;
; Number of registers using Preset             ; 0     ;
+----------------------------------------------+-------+


+-----------------------------------------------------------------------------------------------------------------------------------------------+
; Multiplexer Restructuring Statistics (Restructuring Performed)                                                                                ;
+--------------------+-----------+---------------+----------------------+------------------------+------------+---------------------------------+
; Multiplexer Inputs ; Bus Width ; Baseline Area ; Area if Restructured ; Saving if Restructured ; Registered ; Example Multiplexer Output      ;
+--------------------+-----------+---------------+----------------------+------------------------+------------+---------------------------------+
; 4:1                ; 16 bits   ; 32 LEs        ; 32 LEs               ; 0 LEs                  ; No         ; |alu16|alu1:ALU_0|mux_4to1:u4|z ;
+--------------------+-----------+---------------+----------------------+------------------------+------------+---------------------------------+


+----------------------------------------------------------------------------------------------------------------+
; Port Connectivity Checks: "alu1:ALU_13"                                                                        ;
+------+--------+----------+-------------------------------------------------------------------------------------+
; Port ; Type   ; Severity ; Details                                                                             ;
+------+--------+----------+-------------------------------------------------------------------------------------+
; cout ; Output ; Info     ; Connected to dangling logic. Logic that only feeds a dangling port will be removed. ;
+------+--------+----------+-------------------------------------------------------------------------------------+


+----------------------------------------------------------------------------------------------------------------+
; Port Connectivity Checks: "alu1:ALU_12"                                                                        ;
+------+--------+----------+-------------------------------------------------------------------------------------+
; Port ; Type   ; Severity ; Details                                                                             ;
+------+--------+----------+-------------------------------------------------------------------------------------+
; cout ; Output ; Info     ; Connected to dangling logic. Logic that only feeds a dangling port will be removed. ;
+------+--------+----------+-------------------------------------------------------------------------------------+


+----------------------------------------------------------------------------------------------------------------+
; Port Connectivity Checks: "alu1:ALU_11"                                                                        ;
+------+--------+----------+-------------------------------------------------------------------------------------+
; Port ; Type   ; Severity ; Details                                                                             ;
+------+--------+----------+-------------------------------------------------------------------------------------+
; cout ; Output ; Info     ; Connected to dangling logic. Logic that only feeds a dangling port will be removed. ;
+------+--------+----------+-------------------------------------------------------------------------------------+


+----------------------------------------------------------------------------------------------------------------+
; Port Connectivity Checks: "alu1:ALU_10"                                                                        ;
+------+--------+----------+-------------------------------------------------------------------------------------+
; Port ; Type   ; Severity ; Details                                                                             ;
+------+--------+----------+-------------------------------------------------------------------------------------+
; cout ; Output ; Info     ; Connected to dangling logic. Logic that only feeds a dangling port will be removed. ;
+------+--------+----------+-------------------------------------------------------------------------------------+


+----------------------------------------------------------------------------------------------------------------+
; Port Connectivity Checks: "alu1:ALU_9"                                                                         ;
+------+--------+----------+-------------------------------------------------------------------------------------+
; Port ; Type   ; Severity ; Details                                                                             ;
+------+--------+----------+-------------------------------------------------------------------------------------+
; cout ; Output ; Info     ; Connected to dangling logic. Logic that only feeds a dangling port will be removed. ;
+------+--------+----------+-------------------------------------------------------------------------------------+


+----------------------------------------------------------------------------------------------------------------+
; Port Connectivity Checks: "alu1:ALU_8"                                                                         ;
+------+--------+----------+-------------------------------------------------------------------------------------+
; Port ; Type   ; Severity ; Details                                                                             ;
+------+--------+----------+-------------------------------------------------------------------------------------+
; cout ; Output ; Info     ; Connected to dangling logic. Logic that only feeds a dangling port will be removed. ;
+------+--------+----------+-------------------------------------------------------------------------------------+


+-----------------------------------------------------+
; Post-Synthesis Netlist Statistics for Top Partition ;
+-----------------------+-----------------------------+
; Type                  ; Count                       ;
+-----------------------+-----------------------------+
; boundary_port         ; 52                          ;
; cycloneiii_lcell_comb ; 86                          ;
;     normal            ; 86                          ;
;         2 data inputs ; 2                           ;
;         3 data inputs ; 27                          ;
;         4 data inputs ; 57                          ;
;                       ;                             ;
; Max LUT depth         ; 11.00                       ;
; Average LUT depth     ; 5.25                        ;
+-----------------------+-----------------------------+


+-------------------------------+
; Elapsed Time Per Partition    ;
+----------------+--------------+
; Partition Name ; Elapsed Time ;
+----------------+--------------+
; Top            ; 00:00:00     ;
+----------------+--------------+


+-------------------------------+
; Analysis & Synthesis Messages ;
+-------------------------------+
Info: *******************************************************************
Info: Running Quartus Prime Analysis & Synthesis
    Info: Version 19.1.0 Build 670 09/22/2019 SJ Lite Edition
    Info: Processing started: Sun Jun 11 16:58:02 2023
Info: Command: quartus_map --read_settings_files=on --write_settings_files=off alu16 -c alu16
Warning (18236): Number of processors has not been specified which may cause overloading on shared machines.  Set the global assignment NUM_PARALLEL_PROCESSORS in your QSF to an appropriate value for best performance.
Info (20030): Parallel compilation is enabled and will use 8 of the 8 processors detected
Info (12021): Found 2 design units, including 1 entities, in source file alu16.vhd
    Info (12022): Found design unit 1: alu16-structural File: C:/Intel/meros2/alu16.vhd Line: 13
    Info (12023): Found entity 1: alu16 File: C:/Intel/meros2/alu16.vhd Line: 5
Info (12127): Elaborating entity "alu16" for the top level hierarchy
Warning (10036): Verilog HDL or VHDL warning at alu16.vhd(24): object "c9" assigned a value but never read File: C:/Intel/meros2/alu16.vhd Line: 24
Warning (10036): Verilog HDL or VHDL warning at alu16.vhd(24): object "c10" assigned a value but never read File: C:/Intel/meros2/alu16.vhd Line: 24
Warning (10036): Verilog HDL or VHDL warning at alu16.vhd(24): object "c11" assigned a value but never read File: C:/Intel/meros2/alu16.vhd Line: 24
Warning (10036): Verilog HDL or VHDL warning at alu16.vhd(24): object "c12" assigned a value but never read File: C:/Intel/meros2/alu16.vhd Line: 24
Warning (10036): Verilog HDL or VHDL warning at alu16.vhd(24): object "c13" assigned a value but never read File: C:/Intel/meros2/alu16.vhd Line: 24
Warning (10036): Verilog HDL or VHDL warning at alu16.vhd(24): object "c14" assigned a value but never read File: C:/Intel/meros2/alu16.vhd Line: 24
Warning (12125): Using design file alu1.vhd, which is not specified as a design file for the current project, but contains definitions for 2 design units and 1 entities in project
    Info (12022): Found design unit 1: alu1-structural File: C:/Intel/meros2/alu1.vhd Line: 11
    Info (12023): Found entity 1: alu1 File: C:/Intel/meros2/alu1.vhd Line: 5
Info (12128): Elaborating entity "alu1" for hierarchy "alu1:ALU_0" File: C:/Intel/meros2/alu16.vhd Line: 73
Warning (12125): Using design file and_gate2.vhd, which is not specified as a design file for the current project, but contains definitions for 2 design units and 1 entities in project
    Info (12022): Found design unit 1: and_gate2-behavioral File: C:/Intel/meros2/and_gate2.vhd Line: 10
    Info (12023): Found entity 1: and_gate2 File: C:/Intel/meros2/and_gate2.vhd Line: 4
Info (12128): Elaborating entity "and_gate2" for hierarchy "alu1:ALU_0|and_gate2:u0" File: C:/Intel/meros2/alu1.vhd Line: 55
Warning (12125): Using design file or_gate2.vhd, which is not specified as a design file for the current project, but contains definitions for 2 design units and 1 entities in project
    Info (12022): Found design unit 1: or_gate2-behavioral File: C:/Intel/meros2/or_gate2.vhd Line: 11
    Info (12023): Found entity 1: or_gate2 File: C:/Intel/meros2/or_gate2.vhd Line: 5
Info (12128): Elaborating entity "or_gate2" for hierarchy "alu1:ALU_0|or_gate2:u1" File: C:/Intel/meros2/alu1.vhd Line: 56
Warning (12125): Using design file fulladder.vhd, which is not specified as a design file for the current project, but contains definitions for 2 design units and 1 entities in project
    Info (12022): Found design unit 1: fullAdder-behavioral File: C:/Intel/meros2/fulladder.vhd Line: 11
    Info (12023): Found entity 1: fullAdder File: C:/Intel/meros2/fulladder.vhd Line: 5
Info (12128): Elaborating entity "fullAdder" for hierarchy "alu1:ALU_0|fullAdder:u2" File: C:/Intel/meros2/alu1.vhd Line: 57
Warning (12125): Using design file xor_gate2.vhd, which is not specified as a design file for the current project, but contains definitions for 2 design units and 1 entities in project
    Info (12022): Found design unit 1: xor_gate2-behavioral File: C:/Intel/meros2/xor_gate2.vhd Line: 10
    Info (12023): Found entity 1: xor_gate2 File: C:/Intel/meros2/xor_gate2.vhd Line: 4
Info (12128): Elaborating entity "xor_gate2" for hierarchy "alu1:ALU_0|xor_gate2:u3" File: C:/Intel/meros2/alu1.vhd Line: 58
Warning (12125): Using design file mux_4to1.vhd, which is not specified as a design file for the current project, but contains definitions for 2 design units and 1 entities in project
    Info (12022): Found design unit 1: mux_4to1-behavioral File: C:/Intel/meros2/mux_4to1.vhd Line: 10
    Info (12023): Found entity 1: mux_4to1 File: C:/Intel/meros2/mux_4to1.vhd Line: 4
Info (12128): Elaborating entity "mux_4to1" for hierarchy "alu1:ALU_0|mux_4to1:u4" File: C:/Intel/meros2/alu1.vhd Line: 62
Info (286030): Timing-Driven Synthesis is running
Info (16010): Generating hard_block partition "hard_block:auto_generated_inst"
    Info (16011): Adding 0 node(s), including 0 DDIO, 0 PLL, 0 transceiver and 0 LCELL
Info (21057): Implemented 138 device resources after synthesis - the final resource count might be different
    Info (21058): Implemented 35 input pins
    Info (21059): Implemented 17 output pins
    Info (21061): Implemented 86 logic cells
Info: Quartus Prime Analysis & Synthesis was successful. 0 errors, 13 warnings
    Info: Peak virtual memory: 4808 megabytes
    Info: Processing ended: Sun Jun 11 16:58:11 2023
    Info: Elapsed time: 00:00:09
    Info: Total CPU time (on all processors): 00:00:08


